<?xml version="1.0" encoding="UTF-8"?>
<!-- Generated by org.testng.reporters.JUnitReportReporter -->
<testsuite hostname="ETOLBANOS" name="unixCommands.Trt" tests="1" failures="0" timestamp="10 Jun 2014 16:25:28 GMT" time="0.083" errors="0">
  <testcase name="cxvcxv" time="0.083" classname="unixCommands.Trt"/>
</testsuite> <!-- unixCommands.Trt -->
