<?xml version="1.0" encoding="UTF-8"?>
<!-- Generated by org.testng.reporters.JUnitReportReporter -->
<testsuite hostname="ETOLBANOS" name="mySQLTest.ConnectDB" tests="1" failures="0" timestamp="25 Jun 2014 15:51:38 GMT" time="17.340" errors="0">
  <testcase name="CreateDB" time="17.340" classname="mySQLTest.ConnectDB"/>
</testsuite> <!-- mySQLTest.ConnectDB -->
