<?xml version="1.0" encoding="UTF-8"?>
<!-- Generated by org.testng.reporters.JUnitReportReporter -->
<testsuite hostname="ETOLBANOS" name="mySQLTest.ConnectDB" tests="1" failures="0" timestamp="23 Jun 2014 18:37:43 GMT" time="14.104" errors="0">
  <testcase name="CreateDB" time="14.104" classname="mySQLTest.ConnectDB"/>
</testsuite> <!-- mySQLTest.ConnectDB -->
